<?xml version="1.0" standalone="no"?>
<!DOCTYPE dictionary SYSTEM "/usr/share/tomoe/dict.dtd">
<dictionary>
  <character>
    <utf8>池</utf8>
    <number-of-strokes>6</number-of-strokes>
    <readings>
      <reading type="ja_on">タ</reading>
      <reading type="ja_on">チ</reading>
      <reading type="ja_kun">いけ</reading>
      <reading type="ja_unknown">あんのうん</reading>
    </readings>
    <meta>
      <jis208>35-51</jis208>
      <ucs>6c60</ucs>
      <jouyou>2</jouyou>
      <meaning>pond, cistern, pool, reservoir</meaning>
    </meta>
  </character>
</dictionary>
